This file contains any messages produced by compilers while
running configure, to aid debugging if configure makes a mistake.

It was created by audiofile configure 0.3.6, which was
generated by GNU Autoconf 2.69.  Invocation command line was

  $ ./configure --disable-docs

## --------- ##
## Platform. ##
## --------- ##

hostname = Ryzen
uname -m = x86_64
uname -r = 3.0.7-338.x86_64
uname -s = MINGW64_NT-10.0-18362
uname -v = 2019-07-11 10:58 UTC

/usr/bin/uname -p = unknown
/bin/uname -X     = unknown

/bin/arch              = x86_64
/usr/bin/arch -k       = unknown
/usr/convex/getsysinfo = unknown
/usr/bin/hostinfo      = unknown
/bin/machine           = unknown
/usr/bin/oslevel       = unknown
/bin/universe          = unknown

PATH: /mingw64/bin
PATH: /mingw32/bin
PATH: /mingw64/bin
PATH: /usr/local/bin
PATH: /usr/bin
PATH: /bin
PATH: /c/Program Files (x86)/NVIDIA Corporation/PhysX/Common
PATH: /c/Program Files (x86)/Common Files/Oracle/Java/javapath
PATH: /c/WINDOWS/system32
PATH: /c/WINDOWS
PATH: /c/WINDOWS/System32/Wbem
PATH: /c/WINDOWS/System32/WindowsPowerShell/v1.0
PATH: /c/WINDOWS/System32/OpenSSH
PATH: /c/Program Files/dotnet
PATH: /c/Program Files/Microsoft SQL Server/130/Tools/Binn
PATH: /c/Program Files/Microsoft SQL Server/Client SDK/ODBC/170/Tools/Binn
PATH: /c/ProgramData/chocolatey/bin
PATH: /c/Program Files/NVIDIA Corporation/NVIDIA NvDLISR
PATH: /c/WINDOWS/system32
PATH: /c/WINDOWS
PATH: /c/WINDOWS/System32/Wbem
PATH: /c/WINDOWS/System32/WindowsPowerShell/v1.0
PATH: /c/WINDOWS/System32/OpenSSH
PATH: /c/Program Files/Git/cmd
PATH: /c/Program Files/Git LFS
PATH: /c/Program Files/OpenJDK/jdk-14/bin
PATH: /c/Users/Владимир/AppData/Local/Programs/Python/Python37/Scripts
PATH: /c/Users/Владимир/AppData/Local/Programs/Python/Python37
PATH: /c/Users/Владимир/AppData/Local/Programs/Python/Launcher
PATH: /c/Users/Владимир/AppData/Local/Microsoft/WindowsApps
PATH: /c/Users/Владимир/AppData/Local/Programs/Microsoft VS Code/bin
PATH: /c/Development/Visual/Code/bin
PATH: /c/Users/Владимир/.dotnet/tools
PATH: /c/Users/Владимир/AppData/Local/Microsoft/WindowsApps
PATH: /c/Development/java/jdk-14/bin
PATH: /mingw64/bin
PATH: /mingw32/bin
PATH: /usr/bin/site_perl
PATH: /usr/bin/vendor_perl
PATH: /usr/bin/core_perl


## ----------- ##
## Core tests. ##
## ----------- ##

configure:2342: loading site script /mingw64/etc/config.site
| # This file is in public domain.
| # Original author: Karlson2k (Evgeny Grin)
| # Written for MSys2/MinGW64 to help running 'configure' scripts
| 
| # Defaults for MinGW64-targeted programs
| 
| # Set proper selfname on bash and fallback to default name on other shells
| test -n "${BASH_SOURCE}" 2>/dev/null && config_site_me="${BASH_SOURCE[0]##*/}" || config_site_me=config.site
| 
| # Set default 'host' to speedup configure
| if test -z "$build_alias"; then
|   build_alias="${MSYSTEM_CHOST-x86_64-w64-mingw32}" && \
|     ${as_echo-echo} "$config_site_me:${as_lineno-$LINENO}: default build_alias set to $build_alias" >&5
| fi
| 
| # Set default 'prefix' to "/mingw64"
| if ( test -z "$prefix" || test "x$prefix" = "xNONE" ) && \
|    ( test -z "$exec_prefix" || test "x$exec_prefix" = "xNONE" ); then
|   prefix="${MSYSTEM_PREFIX-/mingw64}" && \
|     ${as_echo-echo} "$config_site_me:${as_lineno-$LINENO}: default prefix set to $prefix" >&5
| fi
config.site:13: default build_alias set to x86_64-w64-mingw32
config.site:20: default prefix set to /mingw64
configure:2491: checking for a BSD-compatible install
configure:2559: result: /usr/bin/install -c
configure:2570: checking whether build environment is sane
configure:2620: result: yes
configure:2761: checking for a thread-safe mkdir -p
configure:2800: result: /usr/bin/mkdir -p
configure:2813: checking for gawk
configure:2829: found /usr/bin/gawk
configure:2840: result: gawk
configure:2851: checking whether make sets $(MAKE)
configure:2873: result: yes
configure:2968: checking for style of include used by make
configure:2996: result: GNU
configure:3067: checking for gcc
configure:3083: found /mingw64/bin/gcc
configure:3094: result: gcc
configure:3323: checking for C compiler version
configure:3332: gcc --version >&5
gcc.exe (Rev2, Built by MSYS2 project) 10.1.0
Copyright (C) 2020 Free Software Foundation, Inc.
This is free software; see the source for copying conditions.  There is NO
warranty; not even for MERCHANTABILITY or FITNESS FOR A PARTICULAR PURPOSE.

configure:3343: $? = 0
configure:3332: gcc -v >&5
Using built-in specs.
COLLECT_GCC=I:\Development\MSYS2\mingw64\bin\gcc.exe
COLLECT_LTO_WRAPPER=I:/Development/MSYS2/mingw64/bin/../lib/gcc/x86_64-w64-mingw32/10.1.0/lto-wrapper.exe
Target: x86_64-w64-mingw32
Configured with: ../gcc-10.1.0/configure --prefix=/mingw64 --with-local-prefix=/mingw64/local --build=x86_64-w64-mingw32 --host=x86_64-w64-mingw32 --target=x86_64-w64-mingw32 --with-native-system-header-dir=/mingw64/x86_64-w64-mingw32/include --libexecdir=/mingw64/lib --enable-bootstrap --with-arch=x86-64 --with-tune=generic --enable-languages=c,lto,c++,fortran,ada,objc,obj-c++ --enable-shared --enable-static --enable-libatomic --enable-threads=posix --enable-graphite --enable-fully-dynamic-string --enable-libstdcxx-filesystem-ts=yes --enable-libstdcxx-time=yes --disable-libstdcxx-pch --disable-libstdcxx-debug --disable-isl-version-check --enable-lto --enable-libgomp --disable-multilib --enable-checking=release --disable-rpath --disable-win32-registry --disable-nls --disable-werror --disable-symvers --disable-plugin --with-libiconv --with-system-zlib --with-gmp=/mingw64 --with-mpfr=/mingw64 --with-mpc=/mingw64 --with-isl=/mingw64 --with-pkgversion='Rev2, Built by MSYS2 project' --with-bugurl=https://sourceforge.net/projects/msys2 --with-gnu-as --with-gnu-ld
Thread model: posix
Supported LTO compression algorithms: zlib zstd
gcc version 10.1.0 (Rev2, Built by MSYS2 project) 
configure:3343: $? = 0
configure:3332: gcc -V >&5
gcc.exe: error: unrecognized command-line option '-V'
gcc.exe: fatal error: no input files
compilation terminated.
configure:3343: $? = 1
configure:3332: gcc -qversion >&5
gcc.exe: error: unrecognized command-line option '-qversion'; did you mean '--version'?
gcc.exe: fatal error: no input files
compilation terminated.
configure:3343: $? = 1
configure:3363: checking whether the C compiler works
configure:3385: gcc    conftest.c -lstdc++ >&5
configure:3389: $? = 0
configure:3437: result: yes
configure:3440: checking for C compiler default output file name
configure:3442: result: a.exe
configure:3448: checking for suffix of executables
configure:3455: gcc -o conftest.exe    conftest.c -lstdc++ >&5
configure:3459: $? = 0
configure:3481: result: .exe
configure:3503: checking whether we are cross compiling
configure:3511: gcc -o conftest.exe    conftest.c -lstdc++ >&5
configure:3515: $? = 0
configure:3522: ./conftest.exe
configure:3526: $? = 0
configure:3541: result: no
configure:3546: checking for suffix of object files
configure:3568: gcc -c   conftest.c >&5
configure:3572: $? = 0
configure:3593: result: o
configure:3597: checking whether we are using the GNU C compiler
configure:3616: gcc -c   conftest.c >&5
configure:3616: $? = 0
configure:3625: result: yes
configure:3634: checking whether gcc accepts -g
configure:3654: gcc -c -g  conftest.c >&5
configure:3654: $? = 0
configure:3695: result: yes
configure:3712: checking for gcc option to accept ISO C89
configure:3775: gcc  -c -g -O2  conftest.c >&5
configure:3775: $? = 0
configure:3788: result: none needed
configure:3810: checking dependency style of gcc
configure:3921: result: gcc3
configure:3936: checking for gcc option to accept ISO C99
configure:4085: gcc  -c -g -O2  conftest.c >&5
configure:4085: $? = 0
configure:4098: result: none needed
configure:4171: checking for g++
configure:4187: found /mingw64/bin/g++
configure:4198: result: g++
configure:4225: checking for C++ compiler version
configure:4234: g++ --version >&5
g++.exe (Rev2, Built by MSYS2 project) 10.1.0
Copyright (C) 2020 Free Software Foundation, Inc.
This is free software; see the source for copying conditions.  There is NO
warranty; not even for MERCHANTABILITY or FITNESS FOR A PARTICULAR PURPOSE.

configure:4245: $? = 0
configure:4234: g++ -v >&5
Using built-in specs.
COLLECT_GCC=I:\Development\MSYS2\mingw64\bin\g++.exe
COLLECT_LTO_WRAPPER=I:/Development/MSYS2/mingw64/bin/../lib/gcc/x86_64-w64-mingw32/10.1.0/lto-wrapper.exe
Target: x86_64-w64-mingw32
Configured with: ../gcc-10.1.0/configure --prefix=/mingw64 --with-local-prefix=/mingw64/local --build=x86_64-w64-mingw32 --host=x86_64-w64-mingw32 --target=x86_64-w64-mingw32 --with-native-system-header-dir=/mingw64/x86_64-w64-mingw32/include --libexecdir=/mingw64/lib --enable-bootstrap --with-arch=x86-64 --with-tune=generic --enable-languages=c,lto,c++,fortran,ada,objc,obj-c++ --enable-shared --enable-static --enable-libatomic --enable-threads=posix --enable-graphite --enable-fully-dynamic-string --enable-libstdcxx-filesystem-ts=yes --enable-libstdcxx-time=yes --disable-libstdcxx-pch --disable-libstdcxx-debug --disable-isl-version-check --enable-lto --enable-libgomp --disable-multilib --enable-checking=release --disable-rpath --disable-win32-registry --disable-nls --disable-werror --disable-symvers --disable-plugin --with-libiconv --with-system-zlib --with-gmp=/mingw64 --with-mpfr=/mingw64 --with-mpc=/mingw64 --with-isl=/mingw64 --with-pkgversion='Rev2, Built by MSYS2 project' --with-bugurl=https://sourceforge.net/projects/msys2 --with-gnu-as --with-gnu-ld
Thread model: posix
Supported LTO compression algorithms: zlib zstd
gcc version 10.1.0 (Rev2, Built by MSYS2 project) 
configure:4245: $? = 0
configure:4234: g++ -V >&5
g++.exe: error: unrecognized command-line option '-V'
g++.exe: fatal error: no input files
compilation terminated.
configure:4245: $? = 1
configure:4234: g++ -qversion >&5
g++.exe: error: unrecognized command-line option '-qversion'; did you mean '--version'?
g++.exe: fatal error: no input files
compilation terminated.
configure:4245: $? = 1
configure:4249: checking whether we are using the GNU C++ compiler
configure:4268: g++ -c   conftest.cpp >&5
configure:4268: $? = 0
configure:4277: result: yes
configure:4286: checking whether g++ accepts -g
configure:4306: g++ -c -g  conftest.cpp >&5
configure:4306: $? = 0
configure:4347: result: yes
configure:4372: checking dependency style of g++
configure:4483: result: gcc3
configure:4528: checking build system type
configure:4542: result: x86_64-w64-mingw32
configure:4562: checking host system type
configure:4575: result: x86_64-w64-mingw32
configure:4616: checking how to print strings
configure:4643: result: printf
configure:4664: checking for a sed that does not truncate output
configure:4728: result: /usr/bin/sed
configure:4746: checking for grep that handles long lines and -e
configure:4804: result: /usr/bin/grep
configure:4809: checking for egrep
configure:4871: result: /usr/bin/grep -E
configure:4876: checking for fgrep
configure:4938: result: /usr/bin/grep -F
configure:4973: checking for ld used by gcc
configure:5040: result: I:/Development/MSYS2/mingw64/x86_64-w64-mingw32/bin/ld.exe
configure:5047: checking if the linker (I:/Development/MSYS2/mingw64/x86_64-w64-mingw32/bin/ld.exe) is GNU ld
configure:5062: result: yes
configure:5074: checking for BSD- or MS-compatible name lister (nm)
configure:5128: result: /mingw64/bin/nm -B
configure:5258: checking the name lister (/mingw64/bin/nm -B) interface
configure:5265: gcc -c -g -O2  conftest.c >&5
configure:5268: /mingw64/bin/nm -B "conftest.o"
configure:5271: output
0000000000000000 b .bss
0000000000000000 d .data
0000000000000000 N .debug_abbrev
0000000000000000 N .debug_aranges
0000000000000000 N .debug_info
0000000000000000 N .debug_line
0000000000000000 r .rdata$zzz
0000000000000000 t .text
0000000000000000 B some_variable
configure:5278: result: BSD nm
configure:5281: checking whether ln -s works
configure:5288: result: no, using cp -pR
configure:5293: checking the maximum length of command line arguments
configure:5424: result: 8192
configure:5472: checking how to convert x86_64-w64-mingw32 file names to x86_64-w64-mingw32 format
configure:5512: result: func_convert_file_msys_to_w32
configure:5519: checking how to convert x86_64-w64-mingw32 file names to toolchain format
configure:5539: result: func_convert_file_msys_to_w32
configure:5546: checking for I:/Development/MSYS2/mingw64/x86_64-w64-mingw32/bin/ld.exe option to reload object files
configure:5553: result: -r
configure:5627: checking for objdump
configure:5643: found /mingw64/bin/objdump
configure:5654: result: objdump
configure:5686: checking how to recognize dependent libraries
configure:5886: result: file_magic ^x86 archive import|^x86 DLL
configure:5971: checking for dlltool
configure:5987: found /mingw64/bin/dlltool
configure:5998: result: dlltool
configure:6031: checking how to associate runtime and link libraries
configure:6058: result: func_cygming_dll_for_implib
configure:6119: checking for ar
configure:6135: found /mingw64/bin/ar
configure:6146: result: ar
configure:6183: checking for archiver @FILE support
configure:6200: gcc -c -g -O2  conftest.c >&5
configure:6200: $? = 0
configure:6203: ar cru libconftest.a @conftest.lst >&5
configure:6206: $? = 0
configure:6211: ar cru libconftest.a @conftest.lst >&5
I:\Development\MSYS2\mingw64\bin\ar.exe: conftest.o: No such file or directory
configure:6214: $? = 1
configure:6226: result: @
configure:6284: checking for strip
configure:6300: found /mingw64/bin/strip
configure:6311: result: strip
configure:6383: checking for ranlib
configure:6399: found /mingw64/bin/ranlib
configure:6410: result: ranlib
configure:6512: checking command to parse /mingw64/bin/nm -B output from gcc object
configure:6665: gcc -c -g -O2  conftest.c >&5
configure:6668: $? = 0
configure:6672: /mingw64/bin/nm -B conftest.o \| sed -n -e 's/^.*[ ]\([ABCDGIRSTW][ABCDGIRSTW]*\)[ ][ ]*\([_A-Za-z][_A-Za-z0-9]*\)\{0,1\}$/\1 \2 \2/p' | sed '/ __gnu_lto/d' \> conftest.nm
configure:6675: $? = 0
configure:6741: gcc -o conftest.exe -g -O2   conftest.c conftstm.o >&5
configure:6744: $? = 0
configure:6782: result: ok
configure:6829: checking for sysroot
configure:6859: result: no
configure:6866: checking for a working dd
configure:6904: result: /usr/bin/dd
configure:6908: checking how to truncate binary pipes
configure:6923: result: /usr/bin/dd bs=4096 count=1
configure:7252: checking for mt
configure:7282: result: no
configure:7302: checking if : is a manifest tool
configure:7308: : '-?'
configure:7316: result: no
configure:7993: checking how to run the C preprocessor
configure:8024: gcc -E  conftest.c
configure:8024: $? = 0
configure:8038: gcc -E  conftest.c
conftest.c:11:10: fatal error: ac_nonexistent.h: No such file or directory
   11 | #include <ac_nonexistent.h>
      |          ^~~~~~~~~~~~~~~~~~
compilation terminated.
configure:8038: $? = 1
configure: failed program was:
| /* confdefs.h */
| #define PACKAGE_NAME "audiofile"
| #define PACKAGE_TARNAME "audiofile"
| #define PACKAGE_VERSION "0.3.6"
| #define PACKAGE_STRING "audiofile 0.3.6"
| #define PACKAGE_BUGREPORT ""
| #define PACKAGE_URL ""
| #define PACKAGE "audiofile"
| #define VERSION "0.3.6"
| /* end confdefs.h.  */
| #include <ac_nonexistent.h>
configure:8063: result: gcc -E
configure:8083: gcc -E  conftest.c
configure:8083: $? = 0
configure:8097: gcc -E  conftest.c
conftest.c:11:10: fatal error: ac_nonexistent.h: No such file or directory
   11 | #include <ac_nonexistent.h>
      |          ^~~~~~~~~~~~~~~~~~
compilation terminated.
configure:8097: $? = 1
configure: failed program was:
| /* confdefs.h */
| #define PACKAGE_NAME "audiofile"
| #define PACKAGE_TARNAME "audiofile"
| #define PACKAGE_VERSION "0.3.6"
| #define PACKAGE_STRING "audiofile 0.3.6"
| #define PACKAGE_BUGREPORT ""
| #define PACKAGE_URL ""
| #define PACKAGE "audiofile"
| #define VERSION "0.3.6"
| /* end confdefs.h.  */
| #include <ac_nonexistent.h>
configure:8126: checking for ANSI C header files
configure:8146: gcc -c -g -O2  conftest.c >&5
configure:8146: $? = 0
configure:8219: gcc -o conftest.exe -g -O2   conftest.c -lstdc++ >&5
configure:8219: $? = 0
configure:8219: ./conftest.exe
configure:8219: $? = 0
configure:8230: result: yes
configure:8243: checking for sys/types.h
configure:8243: gcc -c -g -O2  conftest.c >&5
configure:8243: $? = 0
configure:8243: result: yes
configure:8243: checking for sys/stat.h
configure:8243: gcc -c -g -O2  conftest.c >&5
configure:8243: $? = 0
configure:8243: result: yes
configure:8243: checking for stdlib.h
configure:8243: gcc -c -g -O2  conftest.c >&5
configure:8243: $? = 0
configure:8243: result: yes
configure:8243: checking for string.h
configure:8243: gcc -c -g -O2  conftest.c >&5
configure:8243: $? = 0
configure:8243: result: yes
configure:8243: checking for memory.h
configure:8243: gcc -c -g -O2  conftest.c >&5
configure:8243: $? = 0
configure:8243: result: yes
configure:8243: checking for strings.h
configure:8243: gcc -c -g -O2  conftest.c >&5
configure:8243: $? = 0
configure:8243: result: yes
configure:8243: checking for inttypes.h
configure:8243: gcc -c -g -O2  conftest.c >&5
configure:8243: $? = 0
configure:8243: result: yes
configure:8243: checking for stdint.h
configure:8243: gcc -c -g -O2  conftest.c >&5
configure:8243: $? = 0
configure:8243: result: yes
configure:8243: checking for unistd.h
configure:8243: gcc -c -g -O2  conftest.c >&5
configure:8243: $? = 0
configure:8243: result: yes
configure:8257: checking for dlfcn.h
configure:8257: gcc -c -g -O2  conftest.c >&5
conftest.c:55:10: fatal error: dlfcn.h: No such file or directory
   55 | #include <dlfcn.h>
      |          ^~~~~~~~~
compilation terminated.
configure:8257: $? = 1
configure: failed program was:
| /* confdefs.h */
| #define PACKAGE_NAME "audiofile"
| #define PACKAGE_TARNAME "audiofile"
| #define PACKAGE_VERSION "0.3.6"
| #define PACKAGE_STRING "audiofile 0.3.6"
| #define PACKAGE_BUGREPORT ""
| #define PACKAGE_URL ""
| #define PACKAGE "audiofile"
| #define VERSION "0.3.6"
| #define STDC_HEADERS 1
| #define HAVE_SYS_TYPES_H 1
| #define HAVE_SYS_STAT_H 1
| #define HAVE_STDLIB_H 1
| #define HAVE_STRING_H 1
| #define HAVE_MEMORY_H 1
| #define HAVE_STRINGS_H 1
| #define HAVE_INTTYPES_H 1
| #define HAVE_STDINT_H 1
| #define HAVE_UNISTD_H 1
| /* end confdefs.h.  */
| #include <stdio.h>
| #ifdef HAVE_SYS_TYPES_H
| # include <sys/types.h>
| #endif
| #ifdef HAVE_SYS_STAT_H
| # include <sys/stat.h>
| #endif
| #ifdef STDC_HEADERS
| # include <stdlib.h>
| # include <stddef.h>
| #else
| # ifdef HAVE_STDLIB_H
| #  include <stdlib.h>
| # endif
| #endif
| #ifdef HAVE_STRING_H
| # if !defined STDC_HEADERS && defined HAVE_MEMORY_H
| #  include <memory.h>
| # endif
| # include <string.h>
| #endif
| #ifdef HAVE_STRINGS_H
| # include <strings.h>
| #endif
| #ifdef HAVE_INTTYPES_H
| # include <inttypes.h>
| #endif
| #ifdef HAVE_STDINT_H
| # include <stdint.h>
| #endif
| #ifdef HAVE_UNISTD_H
| # include <unistd.h>
| #endif
| 
| #include <dlfcn.h>
configure:8257: result: no
configure:8524: checking for objdir
configure:8539: result: .libs
configure:8799: checking if gcc supports -fno-rtti -fno-exceptions
configure:8817: gcc -c -g -O2  -fno-rtti -fno-exceptions conftest.c >&5
cc1.exe: warning: command-line option '-fno-rtti' is valid for C++/D/ObjC++ but not for C
configure:8821: $? = 0
configure:8834: result: no
configure:9192: checking for gcc option to produce PIC
configure:9199: result: -DDLL_EXPORT -DPIC
configure:9207: checking if gcc PIC flag -DDLL_EXPORT -DPIC works
configure:9225: gcc -c -g -O2  -DDLL_EXPORT -DPIC -DPIC conftest.c >&5
configure:9229: $? = 0
configure:9242: result: yes
configure:9271: checking if gcc static flag -static works
configure:9299: result: yes
configure:9314: checking if gcc supports -c -o file.o
configure:9335: gcc -c -g -O2  -o out/conftest2.o conftest.c >&5
configure:9339: $? = 0
configure:9361: result: yes
configure:9369: checking if gcc supports -c -o file.o
configure:9416: result: yes
configure:9449: checking whether the gcc linker (I:/Development/MSYS2/mingw64/x86_64-w64-mingw32/bin/ld.exe) supports shared libraries
configure:10709: result: yes
configure:10746: checking whether -lc should be explicitly linked in
configure:10754: gcc -c -g -O2  conftest.c >&5
configure:10757: $? = 0
configure:10772: gcc -shared conftest.o  -v -o ./conftest -Wl,--enable-auto-image-base -Xlinker --out-implib -Xlinker conftest 2\>\&1 \| /usr/bin/grep  -lc  \>/dev/null 2\>\&1
configure:10775: $? = 1
configure:10789: result: yes
configure:10949: checking dynamic linker characteristics
configure:11773: result: Win32 ld.exe
configure:11895: checking how to hardcode library paths into programs
configure:11920: result: immediate
configure:12468: checking whether stripping libraries is possible
configure:12473: result: yes
configure:12508: checking if libtool supports shared libraries
configure:12510: result: yes
configure:12513: checking whether to build shared libraries
configure:12538: result: yes
configure:12541: checking whether to build static libraries
configure:12545: result: yes
configure:12568: checking how to run the C++ preprocessor
configure:12595: g++ -E  conftest.cpp
configure:12595: $? = 0
configure:12609: g++ -E  conftest.cpp
conftest.cpp:22:10: fatal error: ac_nonexistent.h: No such file or directory
   22 | #include <ac_nonexistent.h>
      |          ^~~~~~~~~~~~~~~~~~
compilation terminated.
configure:12609: $? = 1
configure: failed program was:
| /* confdefs.h */
| #define PACKAGE_NAME "audiofile"
| #define PACKAGE_TARNAME "audiofile"
| #define PACKAGE_VERSION "0.3.6"
| #define PACKAGE_STRING "audiofile 0.3.6"
| #define PACKAGE_BUGREPORT ""
| #define PACKAGE_URL ""
| #define PACKAGE "audiofile"
| #define VERSION "0.3.6"
| #define STDC_HEADERS 1
| #define HAVE_SYS_TYPES_H 1
| #define HAVE_SYS_STAT_H 1
| #define HAVE_STDLIB_H 1
| #define HAVE_STRING_H 1
| #define HAVE_MEMORY_H 1
| #define HAVE_STRINGS_H 1
| #define HAVE_INTTYPES_H 1
| #define HAVE_STDINT_H 1
| #define HAVE_UNISTD_H 1
| #define LT_OBJDIR ".libs/"
| /* end confdefs.h.  */
| #include <ac_nonexistent.h>
configure:12634: result: g++ -E
configure:12654: g++ -E  conftest.cpp
configure:12654: $? = 0
configure:12668: g++ -E  conftest.cpp
conftest.cpp:22:10: fatal error: ac_nonexistent.h: No such file or directory
   22 | #include <ac_nonexistent.h>
      |          ^~~~~~~~~~~~~~~~~~
compilation terminated.
configure:12668: $? = 1
configure: failed program was:
| /* confdefs.h */
| #define PACKAGE_NAME "audiofile"
| #define PACKAGE_TARNAME "audiofile"
| #define PACKAGE_VERSION "0.3.6"
| #define PACKAGE_STRING "audiofile 0.3.6"
| #define PACKAGE_BUGREPORT ""
| #define PACKAGE_URL ""
| #define PACKAGE "audiofile"
| #define VERSION "0.3.6"
| #define STDC_HEADERS 1
| #define HAVE_SYS_TYPES_H 1
| #define HAVE_SYS_STAT_H 1
| #define HAVE_STDLIB_H 1
| #define HAVE_STRING_H 1
| #define HAVE_MEMORY_H 1
| #define HAVE_STRINGS_H 1
| #define HAVE_INTTYPES_H 1
| #define HAVE_STDINT_H 1
| #define HAVE_UNISTD_H 1
| #define LT_OBJDIR ".libs/"
| /* end confdefs.h.  */
| #include <ac_nonexistent.h>
configure:12830: checking for ld used by g++
configure:12897: result: I:/Development/MSYS2/mingw64/x86_64-w64-mingw32/bin/ld.exe
configure:12904: checking if the linker (I:/Development/MSYS2/mingw64/x86_64-w64-mingw32/bin/ld.exe) is GNU ld
configure:12919: result: yes
configure:12974: checking whether the g++ linker (I:/Development/MSYS2/mingw64/x86_64-w64-mingw32/bin/ld.exe) supports shared libraries
configure:14048: result: yes
configure:14084: g++ -c -g -O2  conftest.cpp >&5
configure:14087: $? = 0
configure:14568: checking for g++ option to produce PIC
configure:14575: result: -DDLL_EXPORT -DPIC
configure:14583: checking if g++ PIC flag -DDLL_EXPORT -DPIC works
configure:14601: g++ -c -g -O2  -DDLL_EXPORT -DPIC -DPIC conftest.cpp >&5
configure:14605: $? = 0
configure:14618: result: yes
configure:14641: checking if g++ static flag -static works
configure:14669: result: yes
configure:14681: checking if g++ supports -c -o file.o
configure:14702: g++ -c -g -O2  -o out/conftest2.o conftest.cpp >&5
configure:14706: $? = 0
configure:14728: result: yes
configure:14733: checking if g++ supports -c -o file.o
configure:14780: result: yes
configure:14810: checking whether the g++ linker (I:/Development/MSYS2/mingw64/x86_64-w64-mingw32/bin/ld.exe) supports shared libraries
configure:14850: result: yes
configure:14991: checking dynamic linker characteristics
configure:15741: result: Win32 ld.exe
configure:15806: checking how to hardcode library paths into programs
configure:15831: result: immediate
configure:15893: checking for ANSI C header files
configure:15997: result: yes
configure:16008: checking fcntl.h usability
configure:16008: gcc -c -g -O2  conftest.c >&5
configure:16008: $? = 0
configure:16008: result: yes
configure:16008: checking fcntl.h presence
configure:16008: gcc -E  conftest.c
configure:16008: $? = 0
configure:16008: result: yes
configure:16008: checking for fcntl.h
configure:16008: result: yes
configure:16008: checking for unistd.h
configure:16008: result: yes
configure:16019: checking for an ANSI C-conforming const
configure:16085: gcc -c -g -O2  conftest.c >&5
configure:16085: $? = 0
configure:16092: result: yes
configure:16100: checking whether byte ordering is bigendian
configure:16115: gcc -c -g -O2  conftest.c >&5
conftest.c:26:9: error: unknown type name 'not'
   26 |         not a universal capable compiler
      |         ^~~
conftest.c:26:15: error: expected '=', ',', ';', 'asm' or '__attribute__' before 'universal'
   26 |         not a universal capable compiler
      |               ^~~~~~~~~
conftest.c:26:15: error: unknown type name 'universal'
configure:16115: $? = 1
configure: failed program was:
| /* confdefs.h */
| #define PACKAGE_NAME "audiofile"
| #define PACKAGE_TARNAME "audiofile"
| #define PACKAGE_VERSION "0.3.6"
| #define PACKAGE_STRING "audiofile 0.3.6"
| #define PACKAGE_BUGREPORT ""
| #define PACKAGE_URL ""
| #define PACKAGE "audiofile"
| #define VERSION "0.3.6"
| #define STDC_HEADERS 1
| #define HAVE_SYS_TYPES_H 1
| #define HAVE_SYS_STAT_H 1
| #define HAVE_STDLIB_H 1
| #define HAVE_STRING_H 1
| #define HAVE_MEMORY_H 1
| #define HAVE_STRINGS_H 1
| #define HAVE_INTTYPES_H 1
| #define HAVE_STDINT_H 1
| #define HAVE_UNISTD_H 1
| #define LT_OBJDIR ".libs/"
| #define STDC_HEADERS 1
| #define HAVE_FCNTL_H 1
| #define HAVE_UNISTD_H 1
| /* end confdefs.h.  */
| #ifndef __APPLE_CC__
| 	       not a universal capable compiler
| 	     #endif
| 	     typedef int dummy;
| 
configure:16160: gcc -c -g -O2  conftest.c >&5
configure:16160: $? = 0
configure:16178: gcc -c -g -O2  conftest.c >&5
conftest.c: In function 'main':
conftest.c:32:4: error: unknown type name 'not'; did you mean 'ino_t'?
   32 |    not big endian
      |    ^~~
      |    ino_t
conftest.c:32:12: error: expected '=', ',', ';', 'asm' or '__attribute__' before 'endian'
   32 |    not big endian
      |            ^~~~~~
configure:16178: $? = 1
configure: failed program was:
| /* confdefs.h */
| #define PACKAGE_NAME "audiofile"
| #define PACKAGE_TARNAME "audiofile"
| #define PACKAGE_VERSION "0.3.6"
| #define PACKAGE_STRING "audiofile 0.3.6"
| #define PACKAGE_BUGREPORT ""
| #define PACKAGE_URL ""
| #define PACKAGE "audiofile"
| #define VERSION "0.3.6"
| #define STDC_HEADERS 1
| #define HAVE_SYS_TYPES_H 1
| #define HAVE_SYS_STAT_H 1
| #define HAVE_STDLIB_H 1
| #define HAVE_STRING_H 1
| #define HAVE_MEMORY_H 1
| #define HAVE_STRINGS_H 1
| #define HAVE_INTTYPES_H 1
| #define HAVE_STDINT_H 1
| #define HAVE_UNISTD_H 1
| #define LT_OBJDIR ".libs/"
| #define STDC_HEADERS 1
| #define HAVE_FCNTL_H 1
| #define HAVE_UNISTD_H 1
| /* end confdefs.h.  */
| #include <sys/types.h>
| 		#include <sys/param.h>
| 
| int
| main ()
| {
| #if BYTE_ORDER != BIG_ENDIAN
| 		 not big endian
| 		#endif
| 
|   ;
|   return 0;
| }
configure:16306: result: no
configure:16332: checking for special C compiler options needed for large files
configure:16377: result: no
configure:16383: checking for _FILE_OFFSET_BITS value needed for large files
configure:16408: gcc -c -g -O2  conftest.c >&5
conftest.c:30:33: warning: left shift count >= width of type [-Wshift-count-overflow]
   30 | #define LARGE_OFF_T (((off_t) 1 << 62) - 1 + ((off_t) 1 << 62))
      |                                 ^~
conftest.c:31:23: note: in expansion of macro 'LARGE_OFF_T'
   31 |   int off_t_is_large[(LARGE_OFF_T % 2147483629 == 721
      |                       ^~~~~~~~~~~
conftest.c:30:57: warning: left shift count >= width of type [-Wshift-count-overflow]
   30 | #define LARGE_OFF_T (((off_t) 1 << 62) - 1 + ((off_t) 1 << 62))
      |                                                         ^~
conftest.c:31:23: note: in expansion of macro 'LARGE_OFF_T'
   31 |   int off_t_is_large[(LARGE_OFF_T % 2147483629 == 721
      |                       ^~~~~~~~~~~
conftest.c:30:33: warning: left shift count >= width of type [-Wshift-count-overflow]
   30 | #define LARGE_OFF_T (((off_t) 1 << 62) - 1 + ((off_t) 1 << 62))
      |                                 ^~
conftest.c:32:13: note: in expansion of macro 'LARGE_OFF_T'
   32 |          && LARGE_OFF_T % 2147483647 == 1)
      |             ^~~~~~~~~~~
conftest.c:30:57: warning: left shift count >= width of type [-Wshift-count-overflow]
   30 | #define LARGE_OFF_T (((off_t) 1 << 62) - 1 + ((off_t) 1 << 62))
      |                                                         ^~
conftest.c:32:13: note: in expansion of macro 'LARGE_OFF_T'
   32 |          && LARGE_OFF_T % 2147483647 == 1)
      |             ^~~~~~~~~~~
conftest.c:31:7: error: variably modified 'off_t_is_large' at file scope
   31 |   int off_t_is_large[(LARGE_OFF_T % 2147483629 == 721
      |       ^~~~~~~~~~~~~~
configure:16408: $? = 1
configure: failed program was:
| /* confdefs.h */
| #define PACKAGE_NAME "audiofile"
| #define PACKAGE_TARNAME "audiofile"
| #define PACKAGE_VERSION "0.3.6"
| #define PACKAGE_STRING "audiofile 0.3.6"
| #define PACKAGE_BUGREPORT ""
| #define PACKAGE_URL ""
| #define PACKAGE "audiofile"
| #define VERSION "0.3.6"
| #define STDC_HEADERS 1
| #define HAVE_SYS_TYPES_H 1
| #define HAVE_SYS_STAT_H 1
| #define HAVE_STDLIB_H 1
| #define HAVE_STRING_H 1
| #define HAVE_MEMORY_H 1
| #define HAVE_STRINGS_H 1
| #define HAVE_INTTYPES_H 1
| #define HAVE_STDINT_H 1
| #define HAVE_UNISTD_H 1
| #define LT_OBJDIR ".libs/"
| #define STDC_HEADERS 1
| #define HAVE_FCNTL_H 1
| #define HAVE_UNISTD_H 1
| /* end confdefs.h.  */
| #include <sys/types.h>
|  /* Check that off_t can represent 2**63 - 1 correctly.
|     We can't simply define LARGE_OFF_T to be 9223372036854775807,
|     since some C++ compilers masquerading as C compilers
|     incorrectly reject 9223372036854775807.  */
| #define LARGE_OFF_T (((off_t) 1 << 62) - 1 + ((off_t) 1 << 62))
|   int off_t_is_large[(LARGE_OFF_T % 2147483629 == 721
| 		       && LARGE_OFF_T % 2147483647 == 1)
| 		      ? 1 : -1];
| int
| main ()
| {
| 
|   ;
|   return 0;
| }
configure:16432: gcc -c -g -O2  conftest.c >&5
configure:16432: $? = 0
configure:16440: result: 64
configure:16525: checking for off_t
configure:16525: gcc -c -g -O2  conftest.c >&5
configure:16525: $? = 0
configure:16525: gcc -c -g -O2  conftest.c >&5
conftest.c: In function 'main':
conftest.c:62:20: error: expected expression before ')' token
   62 | if (sizeof ((off_t)))
      |                    ^
configure:16525: $? = 1
configure: failed program was:
| /* confdefs.h */
| #define PACKAGE_NAME "audiofile"
| #define PACKAGE_TARNAME "audiofile"
| #define PACKAGE_VERSION "0.3.6"
| #define PACKAGE_STRING "audiofile 0.3.6"
| #define PACKAGE_BUGREPORT ""
| #define PACKAGE_URL ""
| #define PACKAGE "audiofile"
| #define VERSION "0.3.6"
| #define STDC_HEADERS 1
| #define HAVE_SYS_TYPES_H 1
| #define HAVE_SYS_STAT_H 1
| #define HAVE_STDLIB_H 1
| #define HAVE_STRING_H 1
| #define HAVE_MEMORY_H 1
| #define HAVE_STRINGS_H 1
| #define HAVE_INTTYPES_H 1
| #define HAVE_STDINT_H 1
| #define HAVE_UNISTD_H 1
| #define LT_OBJDIR ".libs/"
| #define STDC_HEADERS 1
| #define HAVE_FCNTL_H 1
| #define HAVE_UNISTD_H 1
| #define _FILE_OFFSET_BITS 64
| /* end confdefs.h.  */
| #include <stdio.h>
| #ifdef HAVE_SYS_TYPES_H
| # include <sys/types.h>
| #endif
| #ifdef HAVE_SYS_STAT_H
| # include <sys/stat.h>
| #endif
| #ifdef STDC_HEADERS
| # include <stdlib.h>
| # include <stddef.h>
| #else
| # ifdef HAVE_STDLIB_H
| #  include <stdlib.h>
| # endif
| #endif
| #ifdef HAVE_STRING_H
| # if !defined STDC_HEADERS && defined HAVE_MEMORY_H
| #  include <memory.h>
| # endif
| # include <string.h>
| #endif
| #ifdef HAVE_STRINGS_H
| # include <strings.h>
| #endif
| #ifdef HAVE_INTTYPES_H
| # include <inttypes.h>
| #endif
| #ifdef HAVE_STDINT_H
| # include <stdint.h>
| #endif
| #ifdef HAVE_UNISTD_H
| # include <unistd.h>
| #endif
| int
| main ()
| {
| if (sizeof ((off_t)))
| 	    return 0;
|   ;
|   return 0;
| }
configure:16525: result: yes
configure:16536: checking for size_t
configure:16536: gcc -c -g -O2  conftest.c >&5
configure:16536: $? = 0
configure:16536: gcc -c -g -O2  conftest.c >&5
conftest.c: In function 'main':
conftest.c:62:21: error: expected expression before ')' token
   62 | if (sizeof ((size_t)))
      |                     ^
configure:16536: $? = 1
configure: failed program was:
| /* confdefs.h */
| #define PACKAGE_NAME "audiofile"
| #define PACKAGE_TARNAME "audiofile"
| #define PACKAGE_VERSION "0.3.6"
| #define PACKAGE_STRING "audiofile 0.3.6"
| #define PACKAGE_BUGREPORT ""
| #define PACKAGE_URL ""
| #define PACKAGE "audiofile"
| #define VERSION "0.3.6"
| #define STDC_HEADERS 1
| #define HAVE_SYS_TYPES_H 1
| #define HAVE_SYS_STAT_H 1
| #define HAVE_STDLIB_H 1
| #define HAVE_STRING_H 1
| #define HAVE_MEMORY_H 1
| #define HAVE_STRINGS_H 1
| #define HAVE_INTTYPES_H 1
| #define HAVE_STDINT_H 1
| #define HAVE_UNISTD_H 1
| #define LT_OBJDIR ".libs/"
| #define STDC_HEADERS 1
| #define HAVE_FCNTL_H 1
| #define HAVE_UNISTD_H 1
| #define _FILE_OFFSET_BITS 64
| /* end confdefs.h.  */
| #include <stdio.h>
| #ifdef HAVE_SYS_TYPES_H
| # include <sys/types.h>
| #endif
| #ifdef HAVE_SYS_STAT_H
| # include <sys/stat.h>
| #endif
| #ifdef STDC_HEADERS
| # include <stdlib.h>
| # include <stddef.h>
| #else
| # ifdef HAVE_STDLIB_H
| #  include <stdlib.h>
| # endif
| #endif
| #ifdef HAVE_STRING_H
| # if !defined STDC_HEADERS && defined HAVE_MEMORY_H
| #  include <memory.h>
| # endif
| # include <string.h>
| #endif
| #ifdef HAVE_STRINGS_H
| # include <strings.h>
| #endif
| #ifdef HAVE_INTTYPES_H
| # include <inttypes.h>
| #endif
| #ifdef HAVE_STDINT_H
| # include <stdint.h>
| #endif
| #ifdef HAVE_UNISTD_H
| # include <unistd.h>
| #endif
| int
| main ()
| {
| if (sizeof ((size_t)))
| 	    return 0;
|   ;
|   return 0;
| }
configure:16536: result: yes
configure:16549: checking for platform specific tests to compile
configure:16567: result: none
configure:16957: checking for pkg-config
configure:16975: found /mingw64/bin/pkg-config
configure:16987: result: /mingw64/bin/pkg-config
configure:17012: checking pkg-config is at least version 0.9.0
configure:17015: result: yes
configure:17031: checking for flac >= 1.2.1
configure:17038: $PKG_CONFIG --exists --print-errors "flac >= 1.2.1"
Package flac was not found in the pkg-config search path.
Perhaps you should add the directory containing `flac.pc'
to the PKG_CONFIG_PATH environment variable
No package 'flac' found
configure:17041: $? = 1
configure:17055: $PKG_CONFIG --exists --print-errors "flac >= 1.2.1"
Package flac was not found in the pkg-config search path.
Perhaps you should add the directory containing `flac.pc'
to the PKG_CONFIG_PATH environment variable
No package 'flac' found
configure:17058: $? = 1
configure:17072: result: no
No package 'flac' found
configure:17291: creating ./config.status

## ---------------------- ##
## Running config.status. ##
## ---------------------- ##

This file was extended by audiofile config.status 0.3.6, which was
generated by GNU Autoconf 2.69.  Invocation command line was

  CONFIG_FILES    = 
  CONFIG_HEADERS  = 
  CONFIG_LINKS    = 
  CONFIG_COMMANDS = 
  $ ./config.status 

on Ryzen

config.status:1203: creating audiofile.spec
config.status:1203: creating audiofile.pc
config.status:1203: creating audiofile-uninstalled.pc
config.status:1203: creating sfcommands/Makefile
config.status:1203: creating test/Makefile
config.status:1203: creating gtest/Makefile
config.status:1203: creating examples/Makefile
config.status:1203: creating libaudiofile/Makefile
config.status:1203: creating libaudiofile/alac/Makefile
config.status:1203: creating libaudiofile/modules/Makefile
config.status:1203: creating docs/Makefile
config.status:1203: creating Makefile
config.status:1203: creating config.h
config.status:1432: executing depfiles commands
config.status:1432: executing libtool commands

## ---------------- ##
## Cache variables. ##
## ---------------- ##

ac_cv_build=x86_64-w64-mingw32
ac_cv_c_bigendian=no
ac_cv_c_compiler_gnu=yes
ac_cv_c_const=yes
ac_cv_cxx_compiler_gnu=yes
ac_cv_env_CCC_set=
ac_cv_env_CCC_value=
ac_cv_env_CC_set=
ac_cv_env_CC_value=
ac_cv_env_CFLAGS_set=
ac_cv_env_CFLAGS_value=
ac_cv_env_CPPFLAGS_set=
ac_cv_env_CPPFLAGS_value=
ac_cv_env_CPP_set=
ac_cv_env_CPP_value=
ac_cv_env_CXXCPP_set=
ac_cv_env_CXXCPP_value=
ac_cv_env_CXXFLAGS_set=
ac_cv_env_CXXFLAGS_value=
ac_cv_env_CXX_set=
ac_cv_env_CXX_value=
ac_cv_env_FLAC_CFLAGS_set=
ac_cv_env_FLAC_CFLAGS_value=
ac_cv_env_FLAC_LIBS_set=
ac_cv_env_FLAC_LIBS_value=
ac_cv_env_LDFLAGS_set=
ac_cv_env_LDFLAGS_value=
ac_cv_env_LIBS_set=set
ac_cv_env_LIBS_value=-lstdc++
ac_cv_env_LT_SYS_LIBRARY_PATH_set=
ac_cv_env_LT_SYS_LIBRARY_PATH_value=
ac_cv_env_PKG_CONFIG_LIBDIR_set=
ac_cv_env_PKG_CONFIG_LIBDIR_value=
ac_cv_env_PKG_CONFIG_PATH_set=set
ac_cv_env_PKG_CONFIG_PATH_value=/mingw64/lib/pkgconfig:/mingw64/share/pkgconfig
ac_cv_env_PKG_CONFIG_set=
ac_cv_env_PKG_CONFIG_value=
ac_cv_env_build_alias_set=
ac_cv_env_build_alias_value=
ac_cv_env_host_alias_set=
ac_cv_env_host_alias_value=
ac_cv_env_target_alias_set=
ac_cv_env_target_alias_value=
ac_cv_exeext=.exe
ac_cv_flac=no
ac_cv_header_dlfcn_h=no
ac_cv_header_fcntl_h=yes
ac_cv_header_inttypes_h=yes
ac_cv_header_memory_h=yes
ac_cv_header_stdc=yes
ac_cv_header_stdint_h=yes
ac_cv_header_stdlib_h=yes
ac_cv_header_string_h=yes
ac_cv_header_strings_h=yes
ac_cv_header_sys_stat_h=yes
ac_cv_header_sys_types_h=yes
ac_cv_header_unistd_h=yes
ac_cv_host=x86_64-w64-mingw32
ac_cv_objext=o
ac_cv_path_EGREP='/usr/bin/grep -E'
ac_cv_path_FGREP='/usr/bin/grep -F'
ac_cv_path_GREP=/usr/bin/grep
ac_cv_path_SED=/usr/bin/sed
ac_cv_path_ac_pt_PKG_CONFIG=/mingw64/bin/pkg-config
ac_cv_path_install='/usr/bin/install -c'
ac_cv_path_lt_DD=/usr/bin/dd
ac_cv_path_mkdir=/usr/bin/mkdir
ac_cv_prog_AWK=gawk
ac_cv_prog_CPP='gcc -E'
ac_cv_prog_CXXCPP='g++ -E'
ac_cv_prog_ac_ct_AR=ar
ac_cv_prog_ac_ct_CC=gcc
ac_cv_prog_ac_ct_CXX=g++
ac_cv_prog_ac_ct_DLLTOOL=dlltool
ac_cv_prog_ac_ct_OBJDUMP=objdump
ac_cv_prog_ac_ct_RANLIB=ranlib
ac_cv_prog_ac_ct_STRIP=strip
ac_cv_prog_cc_c89=
ac_cv_prog_cc_c99=
ac_cv_prog_cc_g=yes
ac_cv_prog_cxx_g=yes
ac_cv_prog_make_make_set=yes
ac_cv_sys_file_offset_bits=64
ac_cv_sys_largefile_CC=no
ac_cv_type_off_t=yes
ac_cv_type_size_t=yes
am_cv_CC_dependencies_compiler_type=gcc3
am_cv_CXX_dependencies_compiler_type=gcc3
lt_cv_ar_at_file=@
lt_cv_archive_cmds_need_lc=yes
lt_cv_deplibs_check_method='file_magic ^x86 archive import|^x86 DLL'
lt_cv_file_magic_cmd=func_win32_libid
lt_cv_file_magic_test_file=
lt_cv_ld_reload_flag=-r
lt_cv_nm_interface='BSD nm'
lt_cv_objdir=.libs
lt_cv_path_LD=I:/Development/MSYS2/mingw64/x86_64-w64-mingw32/bin/ld.exe
lt_cv_path_LDCXX=I:/Development/MSYS2/mingw64/x86_64-w64-mingw32/bin/ld.exe
lt_cv_path_NM='/mingw64/bin/nm -B'
lt_cv_path_mainfest_tool=no
lt_cv_prog_compiler_c_o=yes
lt_cv_prog_compiler_c_o_CXX=yes
lt_cv_prog_compiler_pic='-DDLL_EXPORT -DPIC'
lt_cv_prog_compiler_pic_CXX='-DDLL_EXPORT -DPIC'
lt_cv_prog_compiler_pic_works=yes
lt_cv_prog_compiler_pic_works_CXX=yes
lt_cv_prog_compiler_rtti_exceptions=no
lt_cv_prog_compiler_static_works=yes
lt_cv_prog_compiler_static_works_CXX=yes
lt_cv_prog_gnu_ld=yes
lt_cv_prog_gnu_ldcxx=yes
lt_cv_sharedlib_from_linklib_cmd=func_cygming_dll_for_implib
lt_cv_sys_global_symbol_pipe='sed -n -e '\''s/^.*[	 ]\([ABCDGIRSTW][ABCDGIRSTW]*\)[	 ][	 ]*\([_A-Za-z][_A-Za-z0-9]*\)\{0,1\}$/\1 \2 \2/p'\'' | sed '\''/ __gnu_lto/d'\'''
lt_cv_sys_global_symbol_to_c_name_address='sed -n -e '\''s/^: \(.*\) .*$/  {"\1", (void *) 0},/p'\'' -e '\''s/^[ABCDGIRSTW][ABCDGIRSTW]* .* \(.*\)$/  {"\1", (void *) \&\1},/p'\'''
lt_cv_sys_global_symbol_to_c_name_address_lib_prefix='sed -n -e '\''s/^: \(.*\) .*$/  {"\1", (void *) 0},/p'\'' -e '\''s/^[ABCDGIRSTW][ABCDGIRSTW]* .* \(lib.*\)$/  {"\1", (void *) \&\1},/p'\'' -e '\''s/^[ABCDGIRSTW][ABCDGIRSTW]* .* \(.*\)$/  {"lib\1", (void *) \&\1},/p'\'''
lt_cv_sys_global_symbol_to_cdecl='sed -n -e '\''s/^T .* \(.*\)$/extern int \1();/p'\'' -e '\''s/^[ABCDGIRSTW][ABCDGIRSTW]* .* \(.*\)$/extern char \1;/p'\'''
lt_cv_sys_global_symbol_to_import=
lt_cv_sys_max_cmd_len=8192
lt_cv_to_host_file_cmd=func_convert_file_msys_to_w32
lt_cv_to_tool_file_cmd=func_convert_file_msys_to_w32
lt_cv_truncate_bin='/usr/bin/dd bs=4096 count=1'

## ----------------- ##
## Output variables. ##
## ----------------- ##

A2X=''
ACLOCAL='${SHELL} /i/Development/sm64pc/tools/audiofile-0.3.6/missing --run aclocal-1.11'
AMDEPBACKSLASH='\'
AMDEP_FALSE='#'
AMDEP_TRUE=''
AMTAR='$${TAR-tar}'
AR='ar'
ASCIIDOC=''
AUDIOFILE_VERSION='0.3.6'
AUDIOFILE_VERSION_INFO='1:0:0'
AUTOCONF='${SHELL} /i/Development/sm64pc/tools/audiofile-0.3.6/missing --run autoconf'
AUTOHEADER='${SHELL} /i/Development/sm64pc/tools/audiofile-0.3.6/missing --run autoheader'
AUTOMAKE='${SHELL} /i/Development/sm64pc/tools/audiofile-0.3.6/missing --run automake-1.11'
AWK='gawk'
CC='gcc'
CCDEPMODE='depmode=gcc3'
CFLAGS='-g -O2'
COVERAGE_CFLAGS=''
COVERAGE_LIBS=''
CPP='gcc -E'
CPPFLAGS=''
CXX='g++'
CXXCPP='g++ -E'
CXXDEPMODE='depmode=gcc3'
CXXFLAGS='-g -O2'
CYGPATH_W='cygpath -w'
DEFS='-DHAVE_CONFIG_H'
DEPDIR='.deps'
DLLTOOL='dlltool'
DSYMUTIL=''
DUMPBIN=''
ECHO_C=''
ECHO_N='-n'
ECHO_T=''
EGREP='/usr/bin/grep -E'
ENABLE_COVERAGE_FALSE=''
ENABLE_COVERAGE_TRUE='#'
ENABLE_DOCUMENTATION_FALSE=''
ENABLE_DOCUMENTATION_TRUE='#'
ENABLE_FLAC_FALSE=''
ENABLE_FLAC_TRUE='#'
ENABLE_VALGRIND_FALSE=''
ENABLE_VALGRIND_TRUE='#'
ENABLE_WERROR_FALSE=''
ENABLE_WERROR_TRUE='#'
EXEEXT='.exe'
FGREP='/usr/bin/grep -F'
FLAC_CFLAGS=''
FLAC_LIBS=''
GENHTML=''
GREP='/usr/bin/grep'
INSTALL_DATA='${INSTALL} -m 644'
INSTALL_PROGRAM='${INSTALL}'
INSTALL_SCRIPT='${INSTALL}'
INSTALL_STRIP_PROGRAM='$(install_sh) -c -s'
LCOV=''
LD='I:/Development/MSYS2/mingw64/x86_64-w64-mingw32/bin/ld.exe'
LDFLAGS=''
LIBOBJS=''
LIBS='-lstdc++'
LIBTOOL='$(SHELL) $(top_builddir)/libtool'
LIPO=''
LN_S='cp -pR'
LTLIBOBJS=''
LT_SYS_LIBRARY_PATH=''
MAKEINFO='${SHELL} /i/Development/sm64pc/tools/audiofile-0.3.6/missing --run makeinfo'
MANIFEST_TOOL=':'
MKDIR_P='/usr/bin/mkdir -p'
NM='/mingw64/bin/nm -B'
NMEDIT=''
OBJDUMP='objdump'
OBJEXT='o'
OTOOL64=''
OTOOL=''
PACKAGE='audiofile'
PACKAGE_BUGREPORT=''
PACKAGE_NAME='audiofile'
PACKAGE_STRING='audiofile 0.3.6'
PACKAGE_TARNAME='audiofile'
PACKAGE_URL=''
PACKAGE_VERSION='0.3.6'
PATH_SEPARATOR=':'
PKG_CONFIG='/mingw64/bin/pkg-config'
PKG_CONFIG_LIBDIR=''
PKG_CONFIG_PATH='/mingw64/lib/pkgconfig:/mingw64/share/pkgconfig'
RANLIB='ranlib'
SED='/usr/bin/sed'
SET_MAKE=''
SHELL='/bin/sh'
STRIP='strip'
TEST_BIN=''
VALGRIND=''
VERSION='0.3.6'
WERROR_CFLAGS=''
ac_ct_AR='ar'
ac_ct_CC='gcc'
ac_ct_CXX='g++'
ac_ct_DUMPBIN=''
am__EXEEXT_FALSE='#'
am__EXEEXT_TRUE=''
am__fastdepCC_FALSE='#'
am__fastdepCC_TRUE=''
am__fastdepCXX_FALSE='#'
am__fastdepCXX_TRUE=''
am__include='include'
am__isrc=''
am__leading_dot='.'
am__nodep='_no'
am__quote=''
am__tar='$${TAR-tar} chof - "$$tardir"'
am__untar='$${TAR-tar} xf -'
bindir='${exec_prefix}/bin'
build='x86_64-w64-mingw32'
build_alias='x86_64-w64-mingw32'
build_cpu='x86_64'
build_os='mingw32'
build_vendor='w64'
datadir='${datarootdir}'
datarootdir='${prefix}/share'
docdir='${datarootdir}/doc/${PACKAGE_TARNAME}'
dvidir='${docdir}'
exec_prefix='${prefix}'
host='x86_64-w64-mingw32'
host_alias=''
host_cpu='x86_64'
host_os='mingw32'
host_vendor='w64'
htmldir='${docdir}'
includedir='${prefix}/include'
infodir='${datarootdir}/info'
install_sh='${SHELL} /i/Development/sm64pc/tools/audiofile-0.3.6/install-sh'
libdir='${exec_prefix}/lib'
libexecdir='${exec_prefix}/libexec'
localedir='${datarootdir}/locale'
localstatedir='${prefix}/var'
mandir='${datarootdir}/man'
mkdir_p='/usr/bin/mkdir -p'
oldincludedir='/usr/include'
pdfdir='${docdir}'
prefix='/mingw64'
program_transform_name='s,x,x,'
psdir='${docdir}'
sbindir='${exec_prefix}/sbin'
sharedstatedir='${prefix}/com'
sysconfdir='${prefix}/etc'
target_alias=''

## ----------- ##
## confdefs.h. ##
## ----------- ##

/* confdefs.h */
#define PACKAGE_NAME "audiofile"
#define PACKAGE_TARNAME "audiofile"
#define PACKAGE_VERSION "0.3.6"
#define PACKAGE_STRING "audiofile 0.3.6"
#define PACKAGE_BUGREPORT ""
#define PACKAGE_URL ""
#define PACKAGE "audiofile"
#define VERSION "0.3.6"
#define STDC_HEADERS 1
#define HAVE_SYS_TYPES_H 1
#define HAVE_SYS_STAT_H 1
#define HAVE_STDLIB_H 1
#define HAVE_STRING_H 1
#define HAVE_MEMORY_H 1
#define HAVE_STRINGS_H 1
#define HAVE_INTTYPES_H 1
#define HAVE_STDINT_H 1
#define HAVE_UNISTD_H 1
#define LT_OBJDIR ".libs/"
#define STDC_HEADERS 1
#define HAVE_FCNTL_H 1
#define HAVE_UNISTD_H 1
#define _FILE_OFFSET_BITS 64
#define ENABLE_FLAC 0

configure: exit 0
